[C0, C1] = (8/2)C2 + (128/32)C3
[C0, C2] = (2)C1
[C0, C3] = (2)C1
[C0, C4] = 0
[C0, C5] = 0
[C0, C6] = 0
[C0, C7] = (-2)C2 + (-8/4)C3
[C0, C8] = (2)C2 + (8/4)C3
[C1, C2] = (-2)C0
[C1, C3] = (-2)C0
[C1, C4] = 0
[C1, C5] = (2)C2 + (8/4)C3
[C1, C6] = (-2)C2 + (-8/4)C3
[C1, C7] = 0
[C1, C8] = 0
[C2, C3] = 0
[C2, C4] = 0
[C2, C5] = (-1)C7 + (1)C8
[C2, C6] = (-1)C1 + (-1)C7 + (-1)C8
[C2, C7] = (-1)C0 + (1)C6 + (1)C5
[C2, C8] = (1)C6 + (-1)C5
[C3, C4] = 0
[C3, C5] = (2)C1 + (-1)C8 + (1)C7
[C3, C6] = (-1)C1 + (1)C8 + (1)C7
[C3, C7] = (-1)C0 + (-1)C5 + (-1)C6
[C3, C8] = (2)C0 + (-1)C6 + (1)C5
[C4, C5] = (-1)C0 + (2)C6
[C4, C6] = (-1)C0 + (-2)C5
[C4, C7] = (-1)C1 + (2)C8
[C4, C8] = (-1)C1 + (-2)C7
[C5, C6] = (-2)C4
[C5, C7] = (2)C2
[C5, C8] = (-2)C2
[C6, C7] = (-2)C3
[C6, C8] = (2)C2
[C7, C8] = (-2)C4
