[C00, C01] = 0
[C00, C02] = (-1)C07 + (1)C17 + (-1)C06 + (1)C09
[C00, C03] = (1)C07 + (-1)C17 + (1)C06 + (-1)C09
[C00, C04] = 0
[C00, C05] = (-1)C17 + (-1)C06 + (-1)C08
[C00, C06] = (-1)C02 + (1)C03
[C00, C07] = (1)C04 + (-2)C05
[C00, C08] = (1)C04 + (-2)C05
[C00, C09] = 0
[C00, C10] = (1)C15 + (1)C13
[C00, C11] = (-1)C14 + (-1)C16 + (-1)C13 + (-1)C10 + (-1)C11 + (-2)C12
[C00, C12] = (1)C16 + (-1)C11
[C00, C13] = (-1)C14 + (-1)C15 + (1)C10
[C00, C14] = (1)C14 + (-1)C13 + (-1)C10
[C00, C15] = (-1)C14 + (-1)C15 + (1)C10
[C00, C16] = (1)C14 + (1)C16 + (1)C13 + (1)C10 + (1)C11 + (2)C12
[C00, C17] = (1)C04 + (1)C02 + (-1)C03 + (-2)C05
[C00, C18] = (1)C07 + (-1)C17 + (1)C06 + (-1)C09
[C01, C02] = (1)C07 + (-1)C17 + (1)C06 + (-1)C09
[C01, C03] = (-1)C07 + (1)C17 + (-1)C06 + (1)C09
[C01, C04] = 0
[C01, C05] = 0
[C01, C06] = (1)C04 + (-2)C18
[C01, C07] = (-1)C04 + (-1)C03 + (2)C18 + (1)C02
[C01, C08] = 0
[C01, C09] = (1)C04 + (1)C03 + (-2)C18 + (-1)C02
[C01, C10] = (-1)C14 + (-2)C15
[C01, C11] = (1)C14 + (1)C12 + (1)C10 + (1)C13 + (1)C11 + (2)C16
[C01, C12] = (-1)C14 + (-1)C12 + (-1)C10 + (-1)C13 + (-1)C11 + (-2)C16
[C01, C13] = (1)C14 + (2)C15
[C01, C14] = 0
[C01, C15] = (1)C13 + (-1)C10
[C01, C16] = (-1)C12 + (1)C11
[C01, C17] = (-1)C04 + (2)C18
[C01, C18] = (1)C17 + (-1)C08 + (-1)C06
[C02, C03] = 0
[C02, C04] = (-1)C12 + (-1)C14 + (-1)C16 + (-1)C13 + (1)C15 + (-2)C10
[C02, C05] = (-1)C12 + (-1)C14 + (-1)C16 + (-1)C10 + (-1)C13 + (-1)C11 + (1)C15
[C02, C06] = (-1)C14 + (-1)C15 + (1)C12 + (1)C00 + (-1)C01
[C02, C07] = (1)C14 + (1)C15 + (1)C16 + (-1)C12 + (-1)C13
[C02, C08] = (1)C14 + (1)C15 + (-1)C12
[C02, C09] = (-1)C14 + (-1)C15 + (1)C12
[C02, C10] = (-1)C04 + (1)C05 + (-1)C02 + (-1)C18
[C02, C11] = (1)C04 + (-1)C05 + (1)C02 + (1)C18
[C02, C12] = (-1)C08 + (1)C09
[C02, C13] = (-1)C06 + (-1)C17 + (-1)C07 + (1)C08
[C02, C14] = (-1)C04 + (1)C18 + (1)C08 + (-1)C03 + (-1)C09 + (-1)C05
[C02, C15] = (1)C04 + (-1)C18 + (1)C03 + (1)C05
[C02, C16] = (1)C06 + (1)C17 + (1)C07 + (-1)C08
[C02, C17] = (1)C14 + (1)C15 + (1)C16 + (-1)C12 + (-1)C00 + (-1)C13 + (1)C01
[C02, C18] = (-1)C10 + (1)C11
[C03, C04] = (-1)C14 + (-1)C15 + (-1)C13 + (1)C16 + (1)C12
[C03, C05] = (-1)C14 + (-1)C15 + (1)C16
[C03, C06] = (-1)C14 + (-1)C12 + (-1)C16 + (-1)C00 + (-1)C13 + (-1)C11 + (1)C01 + (-2)C10
[C03, C07] = 0
[C03, C08] = (-1)C15 + (-1)C11
[C03, C09] = (-1)C14 + (-1)C12 + (-1)C16 + (-1)C13 + (-1)C11 + (-2)C10
[C03, C10] = (-1)C17 + (-1)C06 + (-1)C09
[C03, C11] = (1)C07 + (-2)C08
[C03, C12] = (-1)C18 + (1)C03 + (2)C04 + (-1)C05
[C03, C13] = (1)C18 + (-1)C03 + (-2)C04 + (1)C05
[C03, C14] = (-1)C05 + (-1)C07 + (-1)C18 + (-1)C02 + (2)C08
[C03, C15] = (1)C07 + (-2)C08
[C03, C16] = (1)C05 + (1)C18 + (1)C02
[C03, C17] = (1)C00 + (-1)C01
[C03, C18] = (-1)C14 + (-1)C15 + (1)C16
[C04, C05] = 0
[C04, C06] = (-1)C12 + (-1)C13 + (1)C10 + (1)C11
[C04, C07] = (-1)C15 + (-1)C11 + (-1)C16 + (1)C13
[C04, C08] = 0
[C04, C09] = (2)C14 + (8/4)C10 + (1)C11 + (1)C16 + (1)C13 + (1)C15
[C04, C10] = (1)C07 + (-1)C17 + (1)C09 + (2)C02 + (1)C18
[C04, C11] = (-1)C07 + (-1)C18 + (1)C06 + (1)C08 + (-1)C09 + (-2)C02
[C04, C12] = (-1)C04 + (1)C18 + (1)C17 + (-1)C09 + (-1)C07 + (-2)C03
[C04, C13] = (1)C04 + (1)C07 + (-1)C18 + (-1)C06 + (-1)C08 + (1)C09 + (2)C03
[C04, C14] = (1)C04 + (2)C02 + (2)C03 + (-1)C08 + (2)C09 + (-1)C06 + (2)C07 + (-1)C17
[C04, C15] = (-1)C04 + (1)C18 + (1)C17 + (-1)C03 + (1)C08 + (-2)C07 + (-1)C02
[C04, C16] = (-1)C18 + (1)C17 + (-1)C02 + (1)C08 + (-1)C03 + (-2)C07
[C04, C17] = (1)C12 + (1)C13 + (-1)C10 + (-1)C11
[C04, C18] = (2)C15 + (-1)C12 + (-8/4)C16 + (-1)C10 + (-1)C13 + (-1)C11
[C05, C06] = (-1)C12 + (-1)C13 + (1)C10 + (1)C11
[C05, C07] = (1)C13 + (-1)C11 + (2)C00 + (1)C01
[C05, C08] = (2)C00 + (1)C01
[C05, C09] = (-1)C12 + (1)C10
[C05, C10] = (1)C07 + (-1)C17 + (1)C09
[C05, C11] = (-1)C07 + (1)C06 + (1)C08 + (-1)C09
[C05, C12] = (-1)C07 + (1)C17 + (-1)C09
[C05, C13] = (1)C07 + (-1)C06 + (-1)C08 + (1)C09
[C05, C14] = (1)C04 + (2)C02 + (2)C03
[C05, C15] = (-1)C04 + (1)C18 + (-1)C03 + (-1)C02
[C05, C16] = (-1)C18 + (-1)C02 + (-1)C03
[C05, C17] = (1)C12 + (1)C13 + (2)C00 + (1)C01 + (-1)C10 + (-1)C11
[C05, C18] = (2)C15 + (-1)C12 + (-8/4)C16 + (-1)C10 + (-1)C13 + (-1)C11
[C06, C07] = (-1)C12 + (1)C13
[C06, C08] = (1)C13 + (-1)C10
[C06, C09] = (-1)C15 + (-1)C16
[C06, C10] = (1)C04 + (-1)C18 + (1)C08 + (1)C03 + (1)C09 + (1)C05 + (-1)C06
[C06, C11] = (1)C05 + (-1)C17 + (-1)C06 + (-1)C03 + (-1)C09
[C06, C12] = (-1)C05 + (1)C17 + (-1)C18 + (-1)C02 + (-1)C09 + (2)C06
[C06, C13] = (-1)C05 + (1)C02 + (-1)C08 + (1)C09
[C06, C14] = (1)C18 + (-1)C17 + (1)C02 + (-1)C08 + (1)C03 + (2)C07
[C06, C15] = (-1)C18 + (-1)C02 + (-1)C03
[C06, C16] = (-1)C04 + (1)C18 + (-1)C03 + (-1)C02
[C06, C17] = (-1)C12 + (1)C11
[C06, C18] = (-1)C15 + (2)C12 + (-9/3)C01 + (1)C16 + (2)C13 + (1)C10 + (1)C11
[C07, C08] = (1)C14 + (1)C12 + (1)C16 + (1)C13 + (1)C11 + (2)C10
[C07, C09] = (1)C16 + (-1)C13
[C07, C10] = (-1)C04 + (1)C18 + (-1)C03 + (-1)C05
[C07, C11] = (1)C17 + (1)C06 + (1)C09
[C07, C12] = (1)C05 + (1)C07 + (-1)C06 + (-1)C02 + (-1)C08 + (1)C09
[C07, C13] = (1)C07 + (-1)C17 + (1)C08 + (-2)C02 + (-1)C18
[C07, C14] = (-1)C04 + (1)C05 + (-1)C06 + (1)C02 + (1)C08 + (-1)C09 + (-2)C07
[C07, C15] = (1)C17 + (1)C06 + (1)C09
[C07, C16] = (1)C04 + (-1)C18 + (1)C06 + (-1)C08 + (1)C03 + (-1)C09 + (1)C02
[C07, C17] = (-1)C14 + (-1)C15 + (1)C13
[C07, C18] = (1)C14 + (1)C16 + (1)C00 + (-1)C13 + (2)C01 + (2)C15
[C08, C09] = (1)C16 + (-1)C13
[C08, C10] = (-1)C04 + (1)C18 + (-2)C03
[C08, C11] = (1)C07 + (-1)C17 + (1)C09
[C08, C12] = (1)C07 + (-1)C06 + (-1)C08 + (1)C09
[C08, C13] = (-1)C18 + (-2)C02
[C08, C14] = (1)C06 + (1)C17 + (-2)C07 + (1)C08 + (-2)C09
[C08, C15] = (-1)C06 + (2)C09
[C08, C16] = (1)C04 + (-1)C18 + (1)C03 + (1)C02
[C08, C17] = (1)C13 + (-1)C10
[C08, C18] = (1)C14 + (2)C15
[C09, C10] = (-1)C06 + (1)C08 + (1)C09
[C09, C11] = (1)C05 + (-1)C03
[C09, C12] = (1)C17 + (-1)C09 + (2)C06
[C09, C13] = (-1)C05 + (1)C02
[C09, C14] = (-1)C04 + (1)C05 + (1)C03 + (1)C07 + (-1)C06 + (-2)C17
[C09, C15] = (1)C04 + (-1)C05 + (-1)C03
[C09, C16] = (1)C04 + (-1)C05 + (-1)C02
[C09, C17] = (-1)C16 + (1)C11
[C09, C18] = (-1)C14 + (-1)C15 + (1)C12 + (-1)C00 + (-2)C01
[C10, C11] = 0
[C10, C12] = (2)C00 + (1)C01
[C10, C13] = (1)C14 + (1)C12 + (1)C10 + (1)C13 + (1)C11 + (2)C16
[C10, C14] = (-1)C14 + (-1)C12 + (-1)C10 + (-1)C13 + (-1)C11 + (-2)C16
[C10, C15] = (-1)C12 + (1)C16
[C10, C16] = (-1)C00 + (-2)C01
[C10, C17] = (-1)C07 + (-1)C18 + (1)C03 + (2)C08 + (1)C04 + (1)C05
[C10, C18] = (-1)C18 + (-2)C02
[C11, C12] = (-1)C14 + (-2)C15
[C11, C13] = (-2)C00 + (-1)C01
[C11, C14] = (2)C00 + (1)C01
[C11, C15] = (-1)C00 + (1)C01
[C11, C16] = (1)C15 + (1)C13
[C11, C17] = (-1)C17 + (-1)C06 + (-1)C18 + (1)C03 + (1)C04 + (-1)C09 + (1)C05
[C11, C18] = (1)C18 + (2)C02
[C12, C13] = 0
[C12, C14] = (2)C00 + (1)C01
[C12, C15] = (-1)C00 + (-2)C01
[C12, C16] = (-1)C15 + (-1)C10
[C12, C17] = (-1)C05 + (1)C17 + (1)C02 + (-1)C09 + (2)C06
[C12, C18] = (1)C07 + (-1)C17 + (1)C09
[C13, C14] = (1)C14 + (1)C12 + (1)C10 + (1)C13 + (1)C11 + (2)C16
[C13, C15] = (-1)C16 + (1)C11
[C13, C16] = (-1)C00 + (1)C01
[C13, C17] = (-1)C05 + (1)C17 + (1)C02 + (-1)C08 + (-1)C07
[C13, C18] = (-1)C07 + (1)C06 + (1)C08 + (-1)C09
[C14, C15] = (1)C12 + (-1)C11
[C14, C16] = (2)C00 + (1)C01
[C14, C17] = (-1)C04 + (1)C18 + (-1)C17 + (-1)C03 + (-1)C08 + (2)C07 + (-1)C02
[C14, C18] = (-1)C04 + (1)C18 + (1)C17 + (-1)C09 + (-1)C07 + (-2)C03
[C15, C16] = (-2)C00 + (-1)C01
[C15, C17] = 0
[C15, C18] = (1)C07 + (-1)C17 + (-1)C18 + (1)C03 + (1)C08 + (1)C04 + (1)C05
[C16, C17] = (-1)C04 + (1)C18 + (-1)C06 + (-1)C03 + (2)C09 + (-1)C02
[C16, C18] = (-1)C05 + (1)C03 + (-1)C08 + (1)C07 + (1)C06 + (1)C17
[C17, C18] = (1)C14 + (1)C15 + (1)C16 + (9/3)C01 + (-1)C12 + (-1)C13
